************* tasks : 0 
************* files : 0 
************* Sites : 0


************* tasks : 0 
************* files : 0 
************* Sites : 0


************* tasks : 0 
************* files : 0 
************* Sites : 0


************* tasks : 0 
************* files : 0 
************* Sites : 0


************* tasks : 0 
************* files : 0 
************* Sites : 0


************* tasks : 0 
************* files : 0 
************* Sites : 0


************* tasks : 0 
************* files : 0 
************* Sites : 0


************* tasks : 0 
************* files : 0 
************* Sites : 0


************* tasks : 0 
************* files : 0 
************* Sites : 0


************* tasks : 0 
************* files : 0 
************* Sites : 0


************* tasks : 0 
************* files : 0 
************* Sites : 0


************* tasks : 0 
************* files : 0 
************* Sites : 0


************* tasks : 0 
************* files : 0 
************* Sites : 0


************* tasks : 0 
************* files : 0 
************* Sites : 0


************* tasks : 0 
************* files : 0 
************* Sites : 0


************* tasks : 0 
************* files : 0 
************* Sites : 0


************* tasks : 0 
************* files : 0 
************* Sites : 0


************* tasks : 0 
************* files : 0 
************* Sites : 0


************* tasks : 0 
************* files : 0 
************* Sites : 0


************* tasks : 0 
************* files : 0 
************* Sites : 0


************* tasks : 0 
************* files : 0 
************* Sites : 0


************* tasks : 0 
************* files : 0 
************* Sites : 0


************* tasks : 0 
************* files : 0 
************* Sites : 0


************* tasks : 0 
************* files : 0 
************* Sites : 0


************* tasks : 0 
************* files : 0 
************* Sites : 0


************* tasks : 0 
************* files : 0 
************* Sites : 0


************* tasks : 0 
************* files : 0 
************* Sites : 0


************* tasks : 0 
************* files : 0 
************* Sites : 0


================
================
================ tasks : 0 
 ================ files : 0 
================ Sites : 0


||||==== DM - Total number of Sites: 28
************* tasks : 0 
************* files : 0 
************* Sites : 0


************* tasks : 0 
************* files : 0 
************* Sites : 0


************* tasks : 0 
************* files : 0 
************* Sites : 0


************* tasks : 0 
************* files : 0 
************* Sites : 0


************* tasks : 0 
************* files : 0 
************* Sites : 0


************* tasks : 1 
************* files : 1 
************* Sites : 1


************* tasks : 0 
************* files : 0 
************* Sites : 0


************* tasks : 0 
************* files : 0 
************* Sites : 0


************* tasks : 2 
************* files : 13 
************* Sites : 1


************* tasks : 0 
************* files : 0 
************* Sites : 0


************* tasks : 0 
************* files : 0 
************* Sites : 0


************* tasks : 1 
************* files : 1 
************* Sites : 1


************* tasks : 0 
************* files : 0 
************* Sites : 0


************* tasks : 0 
************* files : 0 
************* Sites : 0


************* tasks : 0 
************* files : 0 
************* Sites : 0


************* tasks : 0 
************* files : 0 
************* Sites : 0


************* tasks : 1 
************* files : 6 
************* Sites : 1


************* tasks : 1 
************* files : 4 
************* Sites : 1


************* tasks : 0 
************* files : 0 
************* Sites : 0


************* tasks : 0 
************* files : 0 
************* Sites : 0


************* tasks : 0 
************* files : 0 
************* Sites : 0


************* tasks : 0 
************* files : 0 
************* Sites : 0


************* tasks : 0 
************* files : 0 
************* Sites : 0


************* tasks : 0 
************* files : 0 
************* Sites : 0


************* tasks : 0 
************* files : 0 
************* Sites : 0


************* tasks : 0 
************* files : 0 
************* Sites : 0


************* tasks : 0 
************* files : 0 
************* Sites : 0


************* tasks : 0 
************* files : 0 
************* Sites : 0


================
================
================ tasks : 3 
 ================ files : 16 
================ Sites : 5


||||==== DM - Total number of Sites: 28
************* tasks : 0 
************* files : 0 
************* Sites : 0


************* tasks : 0 
************* files : 0 
************* Sites : 0


************* tasks : 0 
************* files : 0 
************* Sites : 0


************* tasks : 0 
************* files : 0 
************* Sites : 0


************* tasks : 0 
************* files : 0 
************* Sites : 0


************* tasks : 1 
************* files : 2 
************* Sites : 1


************* tasks : 0 
************* files : 0 
************* Sites : 0


************* tasks : 0 
************* files : 0 
************* Sites : 0


************* tasks : 3 
************* files : 19 
************* Sites : 1


************* tasks : 1 
************* files : 1 
************* Sites : 1


************* tasks : 0 
************* files : 0 
************* Sites : 0


************* tasks : 1 
************* files : 4 
************* Sites : 1


************* tasks : 0 
************* files : 0 
************* Sites : 0


************* tasks : 0 
************* files : 0 
************* Sites : 0


************* tasks : 0 
************* files : 0 
************* Sites : 0


************* tasks : 0 
************* files : 0 
************* Sites : 0


************* tasks : 2 
************* files : 13 
************* Sites : 1


************* tasks : 3 
************* files : 10 
************* Sites : 1


************* tasks : 0 
************* files : 0 
************* Sites : 0


************* tasks : 0 
************* files : 0 
************* Sites : 0


************* tasks : 0 
************* files : 0 
************* Sites : 0


************* tasks : 0 
************* files : 0 
************* Sites : 0


************* tasks : 0 
************* files : 0 
************* Sites : 0


************* tasks : 0 
************* files : 0 
************* Sites : 0


************* tasks : 0 
************* files : 0 
************* Sites : 0


************* tasks : 0 
************* files : 0 
************* Sites : 0


************* tasks : 0 
************* files : 0 
************* Sites : 0


************* tasks : 0 
************* files : 0 
************* Sites : 0


================
================
================ tasks : 5 
 ================ files : 24 
================ Sites : 6


||||==== DM - Total number of Sites: 28
************* tasks : 0 
************* files : 0 
************* Sites : 0


************* tasks : 0 
************* files : 0 
************* Sites : 0


************* tasks : 0 
************* files : 0 
************* Sites : 0


************* tasks : 0 
************* files : 0 
************* Sites : 0


************* tasks : 0 
************* files : 0 
************* Sites : 0


************* tasks : 3 
************* files : 8 
************* Sites : 1


************* tasks : 1 
************* files : 2 
************* Sites : 1


************* tasks : 0 
************* files : 0 
************* Sites : 0


************* tasks : 5 
************* files : 33 
************* Sites : 1


************* tasks : 2 
************* files : 3 
************* Sites : 1


************* tasks : 0 
************* files : 0 
************* Sites : 0


************* tasks : 2 
************* files : 12 
************* Sites : 1


************* tasks : 0 
************* files : 0 
************* Sites : 0


************* tasks : 0 
************* files : 0 
************* Sites : 0


************* tasks : 0 
************* files : 0 
************* Sites : 0


************* tasks : 0 
************* files : 0 
************* Sites : 0


************* tasks : 3 
************* files : 40 
************* Sites : 1


************* tasks : 4 
************* files : 33 
************* Sites : 1


************* tasks : 0 
************* files : 0 
************* Sites : 0


************* tasks : 0 
************* files : 0 
************* Sites : 0


************* tasks : 0 
************* files : 0 
************* Sites : 0


************* tasks : 0 
************* files : 0 
************* Sites : 0


************* tasks : 0 
************* files : 0 
************* Sites : 0


************* tasks : 0 
************* files : 0 
************* Sites : 0


************* tasks : 0 
************* files : 0 
************* Sites : 0


************* tasks : 0 
************* files : 0 
************* Sites : 0


************* tasks : 0 
************* files : 0 
************* Sites : 0


************* tasks : 0 
************* files : 0 
************* Sites : 0


================
================
================ tasks : 6 
 ================ files : 69 
================ Sites : 7


||||==== DM - Total number of Sites: 28
************* tasks : 0 
************* files : 0 
************* Sites : 0


************* tasks : 0 
************* files : 0 
************* Sites : 0


************* tasks : 0 
************* files : 0 
************* Sites : 0


************* tasks : 0 
************* files : 0 
************* Sites : 0


************* tasks : 0 
************* files : 0 
************* Sites : 0


************* tasks : 3 
************* files : 13 
************* Sites : 1


************* tasks : 1 
************* files : 2 
************* Sites : 1


************* tasks : 0 
************* files : 0 
************* Sites : 0


************* tasks : 5 
************* files : 38 
************* Sites : 1


************* tasks : 2 
************* files : 5 
************* Sites : 1


************* tasks : 0 
************* files : 0 
************* Sites : 0


************* tasks : 3 
************* files : 17 
************* Sites : 1


************* tasks : 0 
************* files : 0 
************* Sites : 0


************* tasks : 0 
************* files : 0 
************* Sites : 0


************* tasks : 0 
************* files : 0 
************* Sites : 0


************* tasks : 0 
************* files : 0 
************* Sites : 0


************* tasks : 3 
************* files : 53 
************* Sites : 3


************* tasks : 4 
************* files : 48 
************* Sites : 1


************* tasks : 0 
************* files : 0 
************* Sites : 0


************* tasks : 0 
************* files : 0 
************* Sites : 0


************* tasks : 0 
************* files : 0 
************* Sites : 0


************* tasks : 0 
************* files : 0 
************* Sites : 0


************* tasks : 0 
************* files : 0 
************* Sites : 0


************* tasks : 0 
************* files : 0 
************* Sites : 0


************* tasks : 0 
************* files : 0 
************* Sites : 0


************* tasks : 0 
************* files : 0 
************* Sites : 0


************* tasks : 0 
************* files : 0 
************* Sites : 0


************* tasks : 0 
************* files : 0 
************* Sites : 0


================
================
================ tasks : 6 
 ================ files : 85 
================ Sites : 8


||||==== DM - Total number of Sites: 28
************* tasks : 0 
************* files : 0 
************* Sites : 0


************* tasks : 0 
************* files : 0 
************* Sites : 0


************* tasks : 0 
************* files : 0 
************* Sites : 0


************* tasks : 0 
************* files : 0 
************* Sites : 0


************* tasks : 0 
************* files : 0 
************* Sites : 0


************* tasks : 4 
************* files : 22 
************* Sites : 1


************* tasks : 1 
************* files : 2 
************* Sites : 1


************* tasks : 0 
************* files : 0 
************* Sites : 0


************* tasks : 5 
************* files : 39 
************* Sites : 1


************* tasks : 2 
************* files : 8 
************* Sites : 1


************* tasks : 0 
************* files : 0 
************* Sites : 0


************* tasks : 3 
************* files : 18 
************* Sites : 1


************* tasks : 0 
************* files : 0 
************* Sites : 0


************* tasks : 0 
************* files : 0 
************* Sites : 0


************* tasks : 0 
************* files : 0 
************* Sites : 0


************* tasks : 0 
************* files : 0 
************* Sites : 0


************* tasks : 4 
************* files : 79 
************* Sites : 3


************* tasks : 5 
************* files : 80 
************* Sites : 3


************* tasks : 0 
************* files : 0 
************* Sites : 0


************* tasks : 0 
************* files : 0 
************* Sites : 0


************* tasks : 0 
************* files : 0 
************* Sites : 0


************* tasks : 0 
************* files : 0 
************* Sites : 0


************* tasks : 0 
************* files : 0 
************* Sites : 0


************* tasks : 0 
************* files : 0 
************* Sites : 0


************* tasks : 0 
************* files : 0 
************* Sites : 0


************* tasks : 0 
************* files : 0 
************* Sites : 0


************* tasks : 0 
************* files : 0 
************* Sites : 0


************* tasks : 0 
************* files : 0 
************* Sites : 0


================
================
================ tasks : 6 
 ================ files : 97 
================ Sites : 8


||||==== DM - Total number of Sites: 28
************* tasks : 0 
************* files : 0 
************* Sites : 0


************* tasks : 0 
************* files : 0 
************* Sites : 0


************* tasks : 0 
************* files : 0 
************* Sites : 0


************* tasks : 0 
************* files : 0 
************* Sites : 0


************* tasks : 0 
************* files : 0 
************* Sites : 0


************* tasks : 4 
************* files : 22 
************* Sites : 1


************* tasks : 1 
************* files : 2 
************* Sites : 1


************* tasks : 0 
************* files : 0 
************* Sites : 0


************* tasks : 5 
************* files : 39 
************* Sites : 1


************* tasks : 2 
************* files : 8 
************* Sites : 1


************* tasks : 0 
************* files : 0 
************* Sites : 0


************* tasks : 3 
************* files : 18 
************* Sites : 1


************* tasks : 0 
************* files : 0 
************* Sites : 0


************* tasks : 0 
************* files : 0 
************* Sites : 0


************* tasks : 0 
************* files : 0 
************* Sites : 0


************* tasks : 0 
************* files : 0 
************* Sites : 0


************* tasks : 4 
************* files : 79 
************* Sites : 3


************* tasks : 5 
************* files : 84 
************* Sites : 3


************* tasks : 0 
************* files : 0 
************* Sites : 0


************* tasks : 0 
************* files : 0 
************* Sites : 0


************* tasks : 0 
************* files : 0 
************* Sites : 0


************* tasks : 0 
************* files : 0 
************* Sites : 0


************* tasks : 0 
************* files : 0 
************* Sites : 0


************* tasks : 0 
************* files : 0 
************* Sites : 0


************* tasks : 0 
************* files : 0 
************* Sites : 0


************* tasks : 0 
************* files : 0 
************* Sites : 0


************* tasks : 0 
************* files : 0 
************* Sites : 0


************* tasks : 0 
************* files : 0 
************* Sites : 0


================
================
================ tasks : 6 
 ================ files : 97 
================ Sites : 8


||||==== DM - Total number of Sites: 28
************* tasks : 0 
************* files : 0 
************* Sites : 0


************* tasks : 0 
************* files : 0 
************* Sites : 0


************* tasks : 0 
************* files : 0 
************* Sites : 0


************* tasks : 0 
************* files : 0 
************* Sites : 0


************* tasks : 0 
************* files : 0 
************* Sites : 0


************* tasks : 4 
************* files : 22 
************* Sites : 1


************* tasks : 1 
************* files : 2 
************* Sites : 1


************* tasks : 0 
************* files : 0 
************* Sites : 0


************* tasks : 5 
************* files : 39 
************* Sites : 1


************* tasks : 2 
************* files : 8 
************* Sites : 1


************* tasks : 0 
************* files : 0 
************* Sites : 0


************* tasks : 3 
************* files : 18 
************* Sites : 1


************* tasks : 0 
************* files : 0 
************* Sites : 0


************* tasks : 0 
************* files : 0 
************* Sites : 0


************* tasks : 0 
************* files : 0 
************* Sites : 0


************* tasks : 0 
************* files : 0 
************* Sites : 0


************* tasks : 4 
************* files : 79 
************* Sites : 3


************* tasks : 5 
************* files : 84 
************* Sites : 3


************* tasks : 0 
************* files : 0 
************* Sites : 0


************* tasks : 0 
************* files : 0 
************* Sites : 0


************* tasks : 0 
************* files : 0 
************* Sites : 0


************* tasks : 0 
************* files : 0 
************* Sites : 0


************* tasks : 0 
************* files : 0 
************* Sites : 0


************* tasks : 0 
************* files : 0 
************* Sites : 0


************* tasks : 0 
************* files : 0 
************* Sites : 0


************* tasks : 0 
************* files : 0 
************* Sites : 0


************* tasks : 0 
************* files : 0 
************* Sites : 0


************* tasks : 0 
************* files : 0 
************* Sites : 0


================
================
================ tasks : 6 
 ================ files : 97 
================ Sites : 8


||||==== DM - Total number of Sites: 28
************* tasks : 0 
************* files : 0 
************* Sites : 0


************* tasks : 0 
************* files : 0 
************* Sites : 0


************* tasks : 0 
************* files : 0 
************* Sites : 0


************* tasks : 0 
************* files : 0 
************* Sites : 0


************* tasks : 0 
************* files : 0 
************* Sites : 0


************* tasks : 4 
************* files : 22 
************* Sites : 1


************* tasks : 1 
************* files : 2 
************* Sites : 1


************* tasks : 0 
************* files : 0 
************* Sites : 0


************* tasks : 5 
************* files : 39 
************* Sites : 1


************* tasks : 2 
************* files : 8 
************* Sites : 1


************* tasks : 0 
************* files : 0 
************* Sites : 0


************* tasks : 3 
************* files : 18 
************* Sites : 1


************* tasks : 0 
************* files : 0 
************* Sites : 0


************* tasks : 0 
************* files : 0 
************* Sites : 0


************* tasks : 0 
************* files : 0 
************* Sites : 0


************* tasks : 0 
************* files : 0 
************* Sites : 0


************* tasks : 4 
************* files : 79 
************* Sites : 3


************* tasks : 5 
************* files : 84 
************* Sites : 3


************* tasks : 0 
************* files : 0 
************* Sites : 0


************* tasks : 0 
************* files : 0 
************* Sites : 0


************* tasks : 0 
************* files : 0 
************* Sites : 0


************* tasks : 0 
************* files : 0 
************* Sites : 0


************* tasks : 0 
************* files : 0 
************* Sites : 0


************* tasks : 0 
************* files : 0 
************* Sites : 0


************* tasks : 0 
************* files : 0 
************* Sites : 0


************* tasks : 0 
************* files : 0 
************* Sites : 0


************* tasks : 0 
************* files : 0 
************* Sites : 0


************* tasks : 0 
************* files : 0 
************* Sites : 0


================
================
================ tasks : 6 
 ================ files : 97 
================ Sites : 8


||||==== DM - Total number of Sites: 28
************* tasks : 0 
************* files : 0 
************* Sites : 0


************* tasks : 0 
************* files : 0 
************* Sites : 0


************* tasks : 0 
************* files : 0 
************* Sites : 0


************* tasks : 0 
************* files : 0 
************* Sites : 0


************* tasks : 0 
************* files : 0 
************* Sites : 0


************* tasks : 4 
************* files : 22 
************* Sites : 1


************* tasks : 1 
************* files : 2 
************* Sites : 1


************* tasks : 0 
************* files : 0 
************* Sites : 0


************* tasks : 5 
************* files : 39 
************* Sites : 1


************* tasks : 2 
************* files : 8 
************* Sites : 1


************* tasks : 0 
************* files : 0 
************* Sites : 0


************* tasks : 3 
************* files : 18 
************* Sites : 1


************* tasks : 0 
************* files : 0 
************* Sites : 0


************* tasks : 0 
************* files : 0 
************* Sites : 0


************* tasks : 0 
************* files : 0 
************* Sites : 0


************* tasks : 0 
************* files : 0 
************* Sites : 0


************* tasks : 4 
************* files : 79 
************* Sites : 3


************* tasks : 5 
************* files : 84 
************* Sites : 3


************* tasks : 0 
************* files : 0 
************* Sites : 0


************* tasks : 0 
************* files : 0 
************* Sites : 0


************* tasks : 0 
************* files : 0 
************* Sites : 0


************* tasks : 0 
************* files : 0 
************* Sites : 0


************* tasks : 0 
************* files : 0 
************* Sites : 0


************* tasks : 0 
************* files : 0 
************* Sites : 0


************* tasks : 0 
************* files : 0 
************* Sites : 0


************* tasks : 0 
************* files : 0 
************* Sites : 0


************* tasks : 0 
************* files : 0 
************* Sites : 0


************* tasks : 0 
************* files : 0 
************* Sites : 0


================
================
================ tasks : 6 
 ================ files : 97 
================ Sites : 8


||||==== DM - Total number of Sites: 28
